Determining if files libpng/png.h exist failed with the following output:
Change Dir: /home/geri/freecut/target/package/freecut-0.1.9/target/debug/build/fltk-sys-0ba988d183ca7fe8/out/build/CMakeFiles/CMakeTmp

Run Build Command(s):/usr/bin/make cmTC_f8983/fast && /usr/bin/make  -f CMakeFiles/cmTC_f8983.dir/build.make CMakeFiles/cmTC_f8983.dir/build
make[1]: Verzeichnis „/home/geri/freecut/target/package/freecut-0.1.9/target/debug/build/fltk-sys-0ba988d183ca7fe8/out/build/CMakeFiles/CMakeTmp“ wird betreten
Building C object CMakeFiles/cmTC_f8983.dir/HAVE_LIBPNG_PNG_H.c.o
/usr/bin/cc   -ffunction-sections -fdata-sections -fPIC -m64  -o CMakeFiles/cmTC_f8983.dir/HAVE_LIBPNG_PNG_H.c.o -c /home/geri/freecut/target/package/freecut-0.1.9/target/debug/build/fltk-sys-0ba988d183ca7fe8/out/build/CMakeFiles/CheckIncludeFiles/HAVE_LIBPNG_PNG_H.c
/home/geri/freecut/target/package/freecut-0.1.9/target/debug/build/fltk-sys-0ba988d183ca7fe8/out/build/CMakeFiles/CheckIncludeFiles/HAVE_LIBPNG_PNG_H.c:2:10: schwerwiegender Fehler: libpng/png.h: Datei oder Verzeichnis nicht gefunden
    2 | #include <libpng/png.h>
      |          ^~~~~~~~~~~~~~
Kompilierung beendet.
make[1]: *** [CMakeFiles/cmTC_f8983.dir/build.make:85: CMakeFiles/cmTC_f8983.dir/HAVE_LIBPNG_PNG_H.c.o] Fehler 1
make[1]: Verzeichnis „/home/geri/freecut/target/package/freecut-0.1.9/target/debug/build/fltk-sys-0ba988d183ca7fe8/out/build/CMakeFiles/CMakeTmp“ wird verlassen
make: *** [Makefile:140: cmTC_f8983/fast] Fehler 2


Source:
/* */
#include <libpng/png.h>


int main(void){return 0;}

Determining if files OpenGL/glu.h exist failed with the following output:
Change Dir: /home/geri/freecut/target/package/freecut-0.1.9/target/debug/build/fltk-sys-0ba988d183ca7fe8/out/build/CMakeFiles/CMakeTmp

Run Build Command(s):/usr/bin/make cmTC_27dbd/fast && /usr/bin/make  -f CMakeFiles/cmTC_27dbd.dir/build.make CMakeFiles/cmTC_27dbd.dir/build
make[1]: Verzeichnis „/home/geri/freecut/target/package/freecut-0.1.9/target/debug/build/fltk-sys-0ba988d183ca7fe8/out/build/CMakeFiles/CMakeTmp“ wird betreten
Building C object CMakeFiles/cmTC_27dbd.dir/HAVE_OPENGL_GLU_H.c.o
/usr/bin/cc   -ffunction-sections -fdata-sections -fPIC -m64  -o CMakeFiles/cmTC_27dbd.dir/HAVE_OPENGL_GLU_H.c.o -c /home/geri/freecut/target/package/freecut-0.1.9/target/debug/build/fltk-sys-0ba988d183ca7fe8/out/build/CMakeFiles/CheckIncludeFiles/HAVE_OPENGL_GLU_H.c
/home/geri/freecut/target/package/freecut-0.1.9/target/debug/build/fltk-sys-0ba988d183ca7fe8/out/build/CMakeFiles/CheckIncludeFiles/HAVE_OPENGL_GLU_H.c:2:10: schwerwiegender Fehler: OpenGL/glu.h: Datei oder Verzeichnis nicht gefunden
    2 | #include <OpenGL/glu.h>
      |          ^~~~~~~~~~~~~~
Kompilierung beendet.
make[1]: *** [CMakeFiles/cmTC_27dbd.dir/build.make:85: CMakeFiles/cmTC_27dbd.dir/HAVE_OPENGL_GLU_H.c.o] Fehler 1
make[1]: Verzeichnis „/home/geri/freecut/target/package/freecut-0.1.9/target/debug/build/fltk-sys-0ba988d183ca7fe8/out/build/CMakeFiles/CMakeTmp“ wird verlassen
make: *** [Makefile:140: cmTC_27dbd/fast] Fehler 2


Source:
/* */
#include <OpenGL/glu.h>


int main(void){return 0;}

Determining if files sys/stdtypes.h exist failed with the following output:
Change Dir: /home/geri/freecut/target/package/freecut-0.1.9/target/debug/build/fltk-sys-0ba988d183ca7fe8/out/build/CMakeFiles/CMakeTmp

Run Build Command(s):/usr/bin/make cmTC_189ae/fast && /usr/bin/make  -f CMakeFiles/cmTC_189ae.dir/build.make CMakeFiles/cmTC_189ae.dir/build
make[1]: Verzeichnis „/home/geri/freecut/target/package/freecut-0.1.9/target/debug/build/fltk-sys-0ba988d183ca7fe8/out/build/CMakeFiles/CMakeTmp“ wird betreten
Building C object CMakeFiles/cmTC_189ae.dir/HAVE_SYS_STDTYPES_H.c.o
/usr/bin/cc   -ffunction-sections -fdata-sections -fPIC -m64  -o CMakeFiles/cmTC_189ae.dir/HAVE_SYS_STDTYPES_H.c.o -c /home/geri/freecut/target/package/freecut-0.1.9/target/debug/build/fltk-sys-0ba988d183ca7fe8/out/build/CMakeFiles/CheckIncludeFiles/HAVE_SYS_STDTYPES_H.c
/home/geri/freecut/target/package/freecut-0.1.9/target/debug/build/fltk-sys-0ba988d183ca7fe8/out/build/CMakeFiles/CheckIncludeFiles/HAVE_SYS_STDTYPES_H.c:2:10: schwerwiegender Fehler: sys/stdtypes.h: Datei oder Verzeichnis nicht gefunden
    2 | #include <sys/stdtypes.h>
      |          ^~~~~~~~~~~~~~~~
Kompilierung beendet.
make[1]: *** [CMakeFiles/cmTC_189ae.dir/build.make:85: CMakeFiles/cmTC_189ae.dir/HAVE_SYS_STDTYPES_H.c.o] Fehler 1
make[1]: Verzeichnis „/home/geri/freecut/target/package/freecut-0.1.9/target/debug/build/fltk-sys-0ba988d183ca7fe8/out/build/CMakeFiles/CMakeTmp“ wird verlassen
make: *** [Makefile:140: cmTC_189ae/fast] Fehler 2


Source:
/* */
#include <sys/stdtypes.h>


int main(void){return 0;}

Determining if the function strlcat exists failed with the following output:
Change Dir: /home/geri/freecut/target/package/freecut-0.1.9/target/debug/build/fltk-sys-0ba988d183ca7fe8/out/build/CMakeFiles/CMakeTmp

Run Build Command(s):/usr/bin/make cmTC_d36bc/fast && /usr/bin/make  -f CMakeFiles/cmTC_d36bc.dir/build.make CMakeFiles/cmTC_d36bc.dir/build
make[1]: Verzeichnis „/home/geri/freecut/target/package/freecut-0.1.9/target/debug/build/fltk-sys-0ba988d183ca7fe8/out/build/CMakeFiles/CMakeTmp“ wird betreten
Building C object CMakeFiles/cmTC_d36bc.dir/CheckFunctionExists.c.o
/usr/bin/cc   -ffunction-sections -fdata-sections -fPIC -m64 -DCHECK_FUNCTION_EXISTS=strlcat -o CMakeFiles/cmTC_d36bc.dir/CheckFunctionExists.c.o -c /usr/share/cmake-3.19/Modules/CheckFunctionExists.c
Linking C executable cmTC_d36bc
/usr/bin/cmake -E cmake_link_script CMakeFiles/cmTC_d36bc.dir/link.txt --verbose=1
/usr/bin/cc  -ffunction-sections -fdata-sections -fPIC -m64 -DCHECK_FUNCTION_EXISTS=strlcat -rdynamic CMakeFiles/cmTC_d36bc.dir/CheckFunctionExists.c.o -o cmTC_d36bc 
/usr/bin/ld: CMakeFiles/cmTC_d36bc.dir/CheckFunctionExists.c.o: in function `main':
CheckFunctionExists.c:(.text.main+0x10): undefined reference to `strlcat'
collect2: Fehler: ld gab 1 als Ende-Status zurück
make[1]: *** [CMakeFiles/cmTC_d36bc.dir/build.make:106: cmTC_d36bc] Fehler 1
make[1]: Verzeichnis „/home/geri/freecut/target/package/freecut-0.1.9/target/debug/build/fltk-sys-0ba988d183ca7fe8/out/build/CMakeFiles/CMakeTmp“ wird verlassen
make: *** [Makefile:140: cmTC_d36bc/fast] Fehler 2



Determining if the function strlcpy exists failed with the following output:
Change Dir: /home/geri/freecut/target/package/freecut-0.1.9/target/debug/build/fltk-sys-0ba988d183ca7fe8/out/build/CMakeFiles/CMakeTmp

Run Build Command(s):/usr/bin/make cmTC_4b4a9/fast && /usr/bin/make  -f CMakeFiles/cmTC_4b4a9.dir/build.make CMakeFiles/cmTC_4b4a9.dir/build
make[1]: Verzeichnis „/home/geri/freecut/target/package/freecut-0.1.9/target/debug/build/fltk-sys-0ba988d183ca7fe8/out/build/CMakeFiles/CMakeTmp“ wird betreten
Building C object CMakeFiles/cmTC_4b4a9.dir/CheckFunctionExists.c.o
/usr/bin/cc   -ffunction-sections -fdata-sections -fPIC -m64 -DCHECK_FUNCTION_EXISTS=strlcpy -o CMakeFiles/cmTC_4b4a9.dir/CheckFunctionExists.c.o -c /usr/share/cmake-3.19/Modules/CheckFunctionExists.c
Linking C executable cmTC_4b4a9
/usr/bin/cmake -E cmake_link_script CMakeFiles/cmTC_4b4a9.dir/link.txt --verbose=1
/usr/bin/cc  -ffunction-sections -fdata-sections -fPIC -m64 -DCHECK_FUNCTION_EXISTS=strlcpy -rdynamic CMakeFiles/cmTC_4b4a9.dir/CheckFunctionExists.c.o -o cmTC_4b4a9 
/usr/bin/ld: CMakeFiles/cmTC_4b4a9.dir/CheckFunctionExists.c.o: in function `main':
CheckFunctionExists.c:(.text.main+0x10): undefined reference to `strlcpy'
collect2: Fehler: ld gab 1 als Ende-Status zurück
make[1]: *** [CMakeFiles/cmTC_4b4a9.dir/build.make:106: cmTC_4b4a9] Fehler 1
make[1]: Verzeichnis „/home/geri/freecut/target/package/freecut-0.1.9/target/debug/build/fltk-sys-0ba988d183ca7fe8/out/build/CMakeFiles/CMakeTmp“ wird verlassen
make: *** [Makefile:140: cmTC_4b4a9/fast] Fehler 2



Performing C SOURCE FILE Test CMAKE_HAVE_LIBC_PTHREAD failed with the following output:
Change Dir: /home/geri/freecut/target/package/freecut-0.1.9/target/debug/build/fltk-sys-0ba988d183ca7fe8/out/build/CMakeFiles/CMakeTmp

Run Build Command(s):/usr/bin/make cmTC_c363c/fast && /usr/bin/make  -f CMakeFiles/cmTC_c363c.dir/build.make CMakeFiles/cmTC_c363c.dir/build
make[1]: Verzeichnis „/home/geri/freecut/target/package/freecut-0.1.9/target/debug/build/fltk-sys-0ba988d183ca7fe8/out/build/CMakeFiles/CMakeTmp“ wird betreten
Building C object CMakeFiles/cmTC_c363c.dir/src.c.o
/usr/bin/cc -DCMAKE_HAVE_LIBC_PTHREAD  -ffunction-sections -fdata-sections -fPIC -m64  -o CMakeFiles/cmTC_c363c.dir/src.c.o -c /home/geri/freecut/target/package/freecut-0.1.9/target/debug/build/fltk-sys-0ba988d183ca7fe8/out/build/CMakeFiles/CMakeTmp/src.c
Linking C executable cmTC_c363c
/usr/bin/cmake -E cmake_link_script CMakeFiles/cmTC_c363c.dir/link.txt --verbose=1
/usr/bin/cc  -ffunction-sections -fdata-sections -fPIC -m64  -rdynamic CMakeFiles/cmTC_c363c.dir/src.c.o -o cmTC_c363c 
/usr/bin/ld: CMakeFiles/cmTC_c363c.dir/src.c.o: in function `main':
src.c:(.text.main+0x30): undefined reference to `pthread_create'
/usr/bin/ld: src.c:(.text.main+0x3c): undefined reference to `pthread_detach'
/usr/bin/ld: src.c:(.text.main+0x48): undefined reference to `pthread_cancel'
/usr/bin/ld: src.c:(.text.main+0x59): undefined reference to `pthread_join'
collect2: Fehler: ld gab 1 als Ende-Status zurück
make[1]: *** [CMakeFiles/cmTC_c363c.dir/build.make:106: cmTC_c363c] Fehler 1
make[1]: Verzeichnis „/home/geri/freecut/target/package/freecut-0.1.9/target/debug/build/fltk-sys-0ba988d183ca7fe8/out/build/CMakeFiles/CMakeTmp“ wird verlassen
make: *** [Makefile:140: cmTC_c363c/fast] Fehler 2


Source file was:
#include <pthread.h>

static void* test_func(void* data)
{
  return data;
}

int main(void)
{
  pthread_t thread;
  pthread_create(&thread, NULL, test_func, NULL);
  pthread_detach(thread);
  pthread_cancel(thread);
  pthread_join(thread, NULL);
  pthread_atfork(NULL, NULL, NULL);
  pthread_exit(NULL);

  return 0;
}

Determining if the function pthread_create exists in the pthreads failed with the following output:
Change Dir: /home/geri/freecut/target/package/freecut-0.1.9/target/debug/build/fltk-sys-0ba988d183ca7fe8/out/build/CMakeFiles/CMakeTmp

Run Build Command(s):/usr/bin/make cmTC_f19d7/fast && /usr/bin/make  -f CMakeFiles/cmTC_f19d7.dir/build.make CMakeFiles/cmTC_f19d7.dir/build
make[1]: Verzeichnis „/home/geri/freecut/target/package/freecut-0.1.9/target/debug/build/fltk-sys-0ba988d183ca7fe8/out/build/CMakeFiles/CMakeTmp“ wird betreten
Building C object CMakeFiles/cmTC_f19d7.dir/CheckFunctionExists.c.o
/usr/bin/cc   -ffunction-sections -fdata-sections -fPIC -m64 -DCHECK_FUNCTION_EXISTS=pthread_create -o CMakeFiles/cmTC_f19d7.dir/CheckFunctionExists.c.o -c /usr/share/cmake-3.19/Modules/CheckFunctionExists.c
Linking C executable cmTC_f19d7
/usr/bin/cmake -E cmake_link_script CMakeFiles/cmTC_f19d7.dir/link.txt --verbose=1
/usr/bin/cc  -ffunction-sections -fdata-sections -fPIC -m64 -DCHECK_FUNCTION_EXISTS=pthread_create -rdynamic CMakeFiles/cmTC_f19d7.dir/CheckFunctionExists.c.o -o cmTC_f19d7  -lpthreads 
/usr/bin/ld: cannot find -lpthreads
collect2: Fehler: ld gab 1 als Ende-Status zurück
make[1]: *** [CMakeFiles/cmTC_f19d7.dir/build.make:106: cmTC_f19d7] Fehler 1
make[1]: Verzeichnis „/home/geri/freecut/target/package/freecut-0.1.9/target/debug/build/fltk-sys-0ba988d183ca7fe8/out/build/CMakeFiles/CMakeTmp“ wird verlassen
make: *** [Makefile:140: cmTC_f19d7/fast] Fehler 2



