Determining if files libpng/png.h exist failed with the following output:
Change Dir: /home/geri/freecut/target/release/build/fltk-sys-d21151c14aea088a/out/build/CMakeFiles/CMakeTmp

Run Build Command(s):/usr/bin/make cmTC_cbf10/fast && /usr/bin/make  -f CMakeFiles/cmTC_cbf10.dir/build.make CMakeFiles/cmTC_cbf10.dir/build
make[1]: Verzeichnis „/home/geri/freecut/target/release/build/fltk-sys-d21151c14aea088a/out/build/CMakeFiles/CMakeTmp“ wird betreten
Building C object CMakeFiles/cmTC_cbf10.dir/HAVE_LIBPNG_PNG_H.c.o
/usr/bin/cc   -ffunction-sections -fdata-sections -fPIC -m64  -o CMakeFiles/cmTC_cbf10.dir/HAVE_LIBPNG_PNG_H.c.o -c /home/geri/freecut/target/release/build/fltk-sys-d21151c14aea088a/out/build/CMakeFiles/CheckIncludeFiles/HAVE_LIBPNG_PNG_H.c
/home/geri/freecut/target/release/build/fltk-sys-d21151c14aea088a/out/build/CMakeFiles/CheckIncludeFiles/HAVE_LIBPNG_PNG_H.c:2:10: schwerwiegender Fehler: libpng/png.h: Datei oder Verzeichnis nicht gefunden
    2 | #include <libpng/png.h>
      |          ^~~~~~~~~~~~~~
Kompilierung beendet.
make[1]: *** [CMakeFiles/cmTC_cbf10.dir/build.make:85: CMakeFiles/cmTC_cbf10.dir/HAVE_LIBPNG_PNG_H.c.o] Fehler 1
make[1]: Verzeichnis „/home/geri/freecut/target/release/build/fltk-sys-d21151c14aea088a/out/build/CMakeFiles/CMakeTmp“ wird verlassen
make: *** [Makefile:140: cmTC_cbf10/fast] Fehler 2


Source:
/* */
#include <libpng/png.h>


int main(void){return 0;}

Determining if files OpenGL/glu.h exist failed with the following output:
Change Dir: /home/geri/freecut/target/release/build/fltk-sys-d21151c14aea088a/out/build/CMakeFiles/CMakeTmp

Run Build Command(s):/usr/bin/make cmTC_85106/fast && /usr/bin/make  -f CMakeFiles/cmTC_85106.dir/build.make CMakeFiles/cmTC_85106.dir/build
make[1]: Verzeichnis „/home/geri/freecut/target/release/build/fltk-sys-d21151c14aea088a/out/build/CMakeFiles/CMakeTmp“ wird betreten
Building C object CMakeFiles/cmTC_85106.dir/HAVE_OPENGL_GLU_H.c.o
/usr/bin/cc   -ffunction-sections -fdata-sections -fPIC -m64  -o CMakeFiles/cmTC_85106.dir/HAVE_OPENGL_GLU_H.c.o -c /home/geri/freecut/target/release/build/fltk-sys-d21151c14aea088a/out/build/CMakeFiles/CheckIncludeFiles/HAVE_OPENGL_GLU_H.c
/home/geri/freecut/target/release/build/fltk-sys-d21151c14aea088a/out/build/CMakeFiles/CheckIncludeFiles/HAVE_OPENGL_GLU_H.c:2:10: schwerwiegender Fehler: OpenGL/glu.h: Datei oder Verzeichnis nicht gefunden
    2 | #include <OpenGL/glu.h>
      |          ^~~~~~~~~~~~~~
Kompilierung beendet.
make[1]: *** [CMakeFiles/cmTC_85106.dir/build.make:85: CMakeFiles/cmTC_85106.dir/HAVE_OPENGL_GLU_H.c.o] Fehler 1
make[1]: Verzeichnis „/home/geri/freecut/target/release/build/fltk-sys-d21151c14aea088a/out/build/CMakeFiles/CMakeTmp“ wird verlassen
make: *** [Makefile:140: cmTC_85106/fast] Fehler 2


Source:
/* */
#include <OpenGL/glu.h>


int main(void){return 0;}

Determining if files sys/stdtypes.h exist failed with the following output:
Change Dir: /home/geri/freecut/target/release/build/fltk-sys-d21151c14aea088a/out/build/CMakeFiles/CMakeTmp

Run Build Command(s):/usr/bin/make cmTC_9267b/fast && /usr/bin/make  -f CMakeFiles/cmTC_9267b.dir/build.make CMakeFiles/cmTC_9267b.dir/build
make[1]: Verzeichnis „/home/geri/freecut/target/release/build/fltk-sys-d21151c14aea088a/out/build/CMakeFiles/CMakeTmp“ wird betreten
Building C object CMakeFiles/cmTC_9267b.dir/HAVE_SYS_STDTYPES_H.c.o
/usr/bin/cc   -ffunction-sections -fdata-sections -fPIC -m64  -o CMakeFiles/cmTC_9267b.dir/HAVE_SYS_STDTYPES_H.c.o -c /home/geri/freecut/target/release/build/fltk-sys-d21151c14aea088a/out/build/CMakeFiles/CheckIncludeFiles/HAVE_SYS_STDTYPES_H.c
/home/geri/freecut/target/release/build/fltk-sys-d21151c14aea088a/out/build/CMakeFiles/CheckIncludeFiles/HAVE_SYS_STDTYPES_H.c:2:10: schwerwiegender Fehler: sys/stdtypes.h: Datei oder Verzeichnis nicht gefunden
    2 | #include <sys/stdtypes.h>
      |          ^~~~~~~~~~~~~~~~
Kompilierung beendet.
make[1]: *** [CMakeFiles/cmTC_9267b.dir/build.make:85: CMakeFiles/cmTC_9267b.dir/HAVE_SYS_STDTYPES_H.c.o] Fehler 1
make[1]: Verzeichnis „/home/geri/freecut/target/release/build/fltk-sys-d21151c14aea088a/out/build/CMakeFiles/CMakeTmp“ wird verlassen
make: *** [Makefile:140: cmTC_9267b/fast] Fehler 2


Source:
/* */
#include <sys/stdtypes.h>


int main(void){return 0;}

Determining if the function strlcat exists failed with the following output:
Change Dir: /home/geri/freecut/target/release/build/fltk-sys-d21151c14aea088a/out/build/CMakeFiles/CMakeTmp

Run Build Command(s):/usr/bin/make cmTC_52999/fast && /usr/bin/make  -f CMakeFiles/cmTC_52999.dir/build.make CMakeFiles/cmTC_52999.dir/build
make[1]: Verzeichnis „/home/geri/freecut/target/release/build/fltk-sys-d21151c14aea088a/out/build/CMakeFiles/CMakeTmp“ wird betreten
Building C object CMakeFiles/cmTC_52999.dir/CheckFunctionExists.c.o
/usr/bin/cc   -ffunction-sections -fdata-sections -fPIC -m64 -DCHECK_FUNCTION_EXISTS=strlcat -o CMakeFiles/cmTC_52999.dir/CheckFunctionExists.c.o -c /usr/share/cmake-3.19/Modules/CheckFunctionExists.c
Linking C executable cmTC_52999
/usr/bin/cmake -E cmake_link_script CMakeFiles/cmTC_52999.dir/link.txt --verbose=1
/usr/bin/cc  -ffunction-sections -fdata-sections -fPIC -m64 -DCHECK_FUNCTION_EXISTS=strlcat -rdynamic CMakeFiles/cmTC_52999.dir/CheckFunctionExists.c.o -o cmTC_52999 
/usr/bin/ld: CMakeFiles/cmTC_52999.dir/CheckFunctionExists.c.o: in function `main':
CheckFunctionExists.c:(.text.main+0x10): undefined reference to `strlcat'
collect2: Fehler: ld gab 1 als Ende-Status zurück
make[1]: *** [CMakeFiles/cmTC_52999.dir/build.make:106: cmTC_52999] Fehler 1
make[1]: Verzeichnis „/home/geri/freecut/target/release/build/fltk-sys-d21151c14aea088a/out/build/CMakeFiles/CMakeTmp“ wird verlassen
make: *** [Makefile:140: cmTC_52999/fast] Fehler 2



Determining if the function strlcpy exists failed with the following output:
Change Dir: /home/geri/freecut/target/release/build/fltk-sys-d21151c14aea088a/out/build/CMakeFiles/CMakeTmp

Run Build Command(s):/usr/bin/make cmTC_cba11/fast && /usr/bin/make  -f CMakeFiles/cmTC_cba11.dir/build.make CMakeFiles/cmTC_cba11.dir/build
make[1]: Verzeichnis „/home/geri/freecut/target/release/build/fltk-sys-d21151c14aea088a/out/build/CMakeFiles/CMakeTmp“ wird betreten
Building C object CMakeFiles/cmTC_cba11.dir/CheckFunctionExists.c.o
/usr/bin/cc   -ffunction-sections -fdata-sections -fPIC -m64 -DCHECK_FUNCTION_EXISTS=strlcpy -o CMakeFiles/cmTC_cba11.dir/CheckFunctionExists.c.o -c /usr/share/cmake-3.19/Modules/CheckFunctionExists.c
Linking C executable cmTC_cba11
/usr/bin/cmake -E cmake_link_script CMakeFiles/cmTC_cba11.dir/link.txt --verbose=1
/usr/bin/cc  -ffunction-sections -fdata-sections -fPIC -m64 -DCHECK_FUNCTION_EXISTS=strlcpy -rdynamic CMakeFiles/cmTC_cba11.dir/CheckFunctionExists.c.o -o cmTC_cba11 
/usr/bin/ld: CMakeFiles/cmTC_cba11.dir/CheckFunctionExists.c.o: in function `main':
CheckFunctionExists.c:(.text.main+0x10): undefined reference to `strlcpy'
collect2: Fehler: ld gab 1 als Ende-Status zurück
make[1]: *** [CMakeFiles/cmTC_cba11.dir/build.make:106: cmTC_cba11] Fehler 1
make[1]: Verzeichnis „/home/geri/freecut/target/release/build/fltk-sys-d21151c14aea088a/out/build/CMakeFiles/CMakeTmp“ wird verlassen
make: *** [Makefile:140: cmTC_cba11/fast] Fehler 2



Performing C SOURCE FILE Test CMAKE_HAVE_LIBC_PTHREAD failed with the following output:
Change Dir: /home/geri/freecut/target/release/build/fltk-sys-d21151c14aea088a/out/build/CMakeFiles/CMakeTmp

Run Build Command(s):/usr/bin/make cmTC_dae2b/fast && /usr/bin/make  -f CMakeFiles/cmTC_dae2b.dir/build.make CMakeFiles/cmTC_dae2b.dir/build
make[1]: Verzeichnis „/home/geri/freecut/target/release/build/fltk-sys-d21151c14aea088a/out/build/CMakeFiles/CMakeTmp“ wird betreten
Building C object CMakeFiles/cmTC_dae2b.dir/src.c.o
/usr/bin/cc -DCMAKE_HAVE_LIBC_PTHREAD  -ffunction-sections -fdata-sections -fPIC -m64  -o CMakeFiles/cmTC_dae2b.dir/src.c.o -c /home/geri/freecut/target/release/build/fltk-sys-d21151c14aea088a/out/build/CMakeFiles/CMakeTmp/src.c
Linking C executable cmTC_dae2b
/usr/bin/cmake -E cmake_link_script CMakeFiles/cmTC_dae2b.dir/link.txt --verbose=1
/usr/bin/cc  -ffunction-sections -fdata-sections -fPIC -m64  -rdynamic CMakeFiles/cmTC_dae2b.dir/src.c.o -o cmTC_dae2b 
/usr/bin/ld: CMakeFiles/cmTC_dae2b.dir/src.c.o: in function `main':
src.c:(.text.main+0x30): undefined reference to `pthread_create'
/usr/bin/ld: src.c:(.text.main+0x3c): undefined reference to `pthread_detach'
/usr/bin/ld: src.c:(.text.main+0x48): undefined reference to `pthread_cancel'
/usr/bin/ld: src.c:(.text.main+0x59): undefined reference to `pthread_join'
collect2: Fehler: ld gab 1 als Ende-Status zurück
make[1]: *** [CMakeFiles/cmTC_dae2b.dir/build.make:106: cmTC_dae2b] Fehler 1
make[1]: Verzeichnis „/home/geri/freecut/target/release/build/fltk-sys-d21151c14aea088a/out/build/CMakeFiles/CMakeTmp“ wird verlassen
make: *** [Makefile:140: cmTC_dae2b/fast] Fehler 2


Source file was:
#include <pthread.h>

static void* test_func(void* data)
{
  return data;
}

int main(void)
{
  pthread_t thread;
  pthread_create(&thread, NULL, test_func, NULL);
  pthread_detach(thread);
  pthread_cancel(thread);
  pthread_join(thread, NULL);
  pthread_atfork(NULL, NULL, NULL);
  pthread_exit(NULL);

  return 0;
}

Determining if the function pthread_create exists in the pthreads failed with the following output:
Change Dir: /home/geri/freecut/target/release/build/fltk-sys-d21151c14aea088a/out/build/CMakeFiles/CMakeTmp

Run Build Command(s):/usr/bin/make cmTC_789b5/fast && /usr/bin/make  -f CMakeFiles/cmTC_789b5.dir/build.make CMakeFiles/cmTC_789b5.dir/build
make[1]: Verzeichnis „/home/geri/freecut/target/release/build/fltk-sys-d21151c14aea088a/out/build/CMakeFiles/CMakeTmp“ wird betreten
Building C object CMakeFiles/cmTC_789b5.dir/CheckFunctionExists.c.o
/usr/bin/cc   -ffunction-sections -fdata-sections -fPIC -m64 -DCHECK_FUNCTION_EXISTS=pthread_create -o CMakeFiles/cmTC_789b5.dir/CheckFunctionExists.c.o -c /usr/share/cmake-3.19/Modules/CheckFunctionExists.c
Linking C executable cmTC_789b5
/usr/bin/cmake -E cmake_link_script CMakeFiles/cmTC_789b5.dir/link.txt --verbose=1
/usr/bin/cc  -ffunction-sections -fdata-sections -fPIC -m64 -DCHECK_FUNCTION_EXISTS=pthread_create -rdynamic CMakeFiles/cmTC_789b5.dir/CheckFunctionExists.c.o -o cmTC_789b5  -lpthreads 
/usr/bin/ld: cannot find -lpthreads
collect2: Fehler: ld gab 1 als Ende-Status zurück
make[1]: *** [CMakeFiles/cmTC_789b5.dir/build.make:106: cmTC_789b5] Fehler 1
make[1]: Verzeichnis „/home/geri/freecut/target/release/build/fltk-sys-d21151c14aea088a/out/build/CMakeFiles/CMakeTmp“ wird verlassen
make: *** [Makefile:140: cmTC_789b5/fast] Fehler 2



